[0m00:34:17.875426 [debug] [MainThread]: Sending event: {'category': 'dbt', 'action': 'invocation', 'label': 'start', 'context': [<snowplow_tracker.self_describing_json.SelfDescribingJson object at 0x114f1ba50>, <snowplow_tracker.self_describing_json.SelfDescribingJson object at 0x114f23850>, <snowplow_tracker.self_describing_json.SelfDescribingJson object at 0x114f3ba50>]}


============================== 00:34:17.878813 | 52a33664-6b5a-4946-9d0a-37c7bb04e330 ==============================
[0m00:34:17.878813 [info ] [MainThread]: Running with dbt=1.10.1
[0m00:34:17.879160 [debug] [MainThread]: running dbt with arguments {'printer_width': '80', 'indirect_selection': 'eager', 'write_json': 'True', 'log_cache_events': 'False', 'partial_parse': 'True', 'cache_selected_only': 'False', 'warn_error': 'None', 'version_check': 'True', 'debug': 'False', 'log_path': 'logs', 'fail_fast': 'False', 'profiles_dir': '/Users/jeetpmehta/.dbt', 'use_colors': 'True', 'use_experimental_parser': 'False', 'no_print': 'None', 'quiet': 'False', 'empty': 'None', 'warn_error_options': 'WarnErrorOptionsV2(error=[], warn=[], silence=[])', 'introspect': 'True', 'log_format': 'default', 'static_parser': 'True', 'target_path': 'None', 'invocation_command': 'dbt init nasa_exoplanet', 'send_anonymous_usage_stats': 'True'}
[0m00:34:17.888647 [info ] [MainThread]: Creating dbt configuration folder at /Users/jeetpmehta/.dbt
[0m00:34:17.889784 [debug] [MainThread]: Starter project path: /Users/jeetpmehta/anaconda3/lib/python3.11/site-packages/dbt/include/starter_project
[0m00:34:17.892780 [info ] [MainThread]: 
Your new dbt project "nasa_exoplanet" was created!

For more information on how to configure the profiles.yml file,
please consult the dbt documentation here:

  https://docs.getdbt.com/docs/configure-your-profile

One more thing:

Need help? Don't hesitate to reach out to us via GitHub issues or on Slack:

  https://community.getdbt.com/

Happy modeling!

[0m00:34:17.892973 [info ] [MainThread]: Setting up your profile.
[0m00:35:43.143579 [info ] [MainThread]: Profile nasa_exoplanet written to /Users/jeetpmehta/.dbt/profiles.yml using target's profile_template.yml and your supplied values. Run 'dbt debug' to validate the connection.
[0m00:35:43.155769 [debug] [MainThread]: Resource report: {"command_name": "init", "command_success": true, "command_wall_clock_time": 85.3182, "process_in_blocks": "0", "process_kernel_time": 2.320708, "process_mem_max_rss": "177586176", "process_out_blocks": "0", "process_user_time": 1.584951}
[0m00:35:43.156763 [debug] [MainThread]: Command `dbt init` succeeded at 00:35:43.156564 after 85.32 seconds
[0m00:35:43.158052 [debug] [MainThread]: Sending event: {'category': 'dbt', 'action': 'invocation', 'label': 'end', 'context': [<snowplow_tracker.self_describing_json.SelfDescribingJson object at 0x114f1aad0>, <snowplow_tracker.self_describing_json.SelfDescribingJson object at 0x114f1af10>, <snowplow_tracker.self_describing_json.SelfDescribingJson object at 0x105770f50>]}
[0m00:35:43.167981 [debug] [MainThread]: Flushing usage events
[0m00:35:44.062339 [debug] [MainThread]: An error was encountered while trying to flush usage events
